[0.022s] Invoking command in '/home/luqo/Documents/Robotica/TPs/Robotica-TP6/build/turtlebot3_icp_localization': CMAKE_PREFIX_PATH=${CMAKE_PREFIX_PATH}:/home/luqo/miniforge3/envs/ros_env CONDA_PROMPT_MODIFIER=(base) /home/luqo/miniforge3/envs/ros_env/bin/cmake /home/luqo/Documents/Robotica/TPs/Robotica-TP6/turtlebot3_icp_localization -DCMAKE_INSTALL_PREFIX=/home/luqo/Documents/Robotica/TPs/Robotica-TP6/install/turtlebot3_icp_localization
[0.148s] -- The C compiler identification is GNU 14.3.0
[0.469s] -- The CXX compiler identification is GNU 14.3.0
[0.509s] -- Detecting C compiler ABI info
[0.711s] -- Detecting C compiler ABI info - done
[0.743s] -- Check for working C compiler: /home/luqo/miniforge3/envs/ros_env/bin/cc - skipped
[0.744s] -- Detecting C compile features
[0.744s] -- Detecting C compile features - done
[0.767s] -- Detecting CXX compiler ABI info
[1.163s] -- Detecting CXX compiler ABI info - done
[1.211s] -- Check for working CXX compiler: /home/luqo/miniforge3/envs/ros_env/bin/c++ - skipped
[1.212s] -- Detecting CXX compile features
[1.212s] -- Detecting CXX compile features - done
[1.226s] -- Found ament_cmake: 1.3.7 (/home/luqo/miniforge3/envs/ros_env/share/ament_cmake/cmake)
[2.147s] -- Found Python3: /home/luqo/miniforge3/bin/python3.12 (found version "3.12.11") found components: Interpreter 
[2.506s] -- Found rclcpp: 16.0.8 (/home/luqo/miniforge3/envs/ros_env/share/rclcpp/cmake)
[2.688s] -- Found rosidl_generator_c: 3.1.5 (/home/luqo/miniforge3/envs/ros_env/share/rosidl_generator_c/cmake)
[2.713s] -- Found rosidl_adapter: 3.1.5 (/home/luqo/miniforge3/envs/ros_env/share/rosidl_adapter/cmake)
[2.748s] -- Found rosidl_generator_cpp: 3.1.5 (/home/luqo/miniforge3/envs/ros_env/share/rosidl_generator_cpp/cmake)
[2.796s] -- Using all available rosidl_typesupport_c: rosidl_typesupport_fastrtps_c;rosidl_typesupport_introspection_c
[2.868s] -- Using all available rosidl_typesupport_cpp: rosidl_typesupport_fastrtps_cpp;rosidl_typesupport_introspection_cpp
[3.142s] -- Checking for module 'yaml-0.1'
[3.286s] --   Found yaml-0.1, version 0.2.5
[3.687s] -- Found rmw_implementation_cmake: 6.1.1 (/home/luqo/miniforge3/envs/ros_env/share/rmw_implementation_cmake/cmake)
[3.702s] -- Found rmw_fastrtps_cpp: 6.2.6 (/home/luqo/miniforge3/envs/ros_env/share/rmw_fastrtps_cpp/cmake)
[4.399s] -- Found OpenSSL: /home/luqo/miniforge3/envs/ros_env/lib/libcrypto.so (found version "3.6.0")  
[4.460s] -- Found FastRTPS: /home/luqo/miniforge3/envs/ros_env/include  
[4.570s] -- Using RMW implementation 'rmw_fastrtps_cpp' as default
[4.607s] -- Performing Test CMAKE_HAVE_LIBC_PTHREAD
[4.788s] -- Performing Test CMAKE_HAVE_LIBC_PTHREAD - Success
[4.790s] -- Found Threads: TRUE  
[5.119s] -- Found sensor_msgs: 4.2.3 (/home/luqo/miniforge3/envs/ros_env/share/sensor_msgs/cmake)
[5.630s] -- Found nav_msgs: 4.2.3 (/home/luqo/miniforge3/envs/ros_env/share/nav_msgs/cmake)
[5.839s] -- Found tf2_ros: 0.25.5 (/home/luqo/miniforge3/envs/ros_env/share/tf2_ros/cmake)
[6.737s] -- Found pcl_conversions: 2.4.0 (/home/luqo/miniforge3/envs/ros_env/share/pcl_conversions/cmake)
[7.043s] -- Found laser_geometry: 2.4.0 (/home/luqo/miniforge3/envs/ros_env/share/laser_geometry/cmake)
[7.119s] -- Found tf2_geometry_msgs: 0.25.5 (/home/luqo/miniforge3/envs/ros_env/share/tf2_geometry_msgs/cmake)
[7.153s] -- Found Eigen3: TRUE (found version "3.4.0") 
[7.153s] -- Ensuring Eigen3 include directory is part of orocos-kdl CMake target
[7.220s] [33mCMake Warning (dev) at /home/luqo/miniforge3/envs/ros_env/share/pcl-1.13/PCLConfig.cmake:143 (find_package):
[7.220s]   Policy CMP0144 is not set: find_package uses upper-case <PACKAGENAME>_ROOT
[7.220s]   variables.  Run "cmake --help-policy CMP0144" for policy details.  Use the
[7.220s]   cmake_policy command to set the policy and suppress this warning.
[7.220s] 
[7.221s]   CMake variable EIGEN_ROOT is set to:
[7.221s] 
[7.221s]     /home/luqo/miniforge3/envs/ros_env/include/eigen3
[7.221s] 
[7.221s]   For compatibility, find_package is ignoring the variable, but code in a
[7.221s]   .cmake module might still use it.
[7.221s] Call Stack (most recent call first):
[7.221s]   /home/luqo/miniforge3/envs/ros_env/share/pcl-1.13/PCLConfig.cmake:296 (find_eigen)
[7.221s]   /home/luqo/miniforge3/envs/ros_env/share/pcl-1.13/PCLConfig.cmake:549 (find_external_library)
[7.221s]   CMakeLists.txt:22 (find_package)
[7.221s] This warning is for project developers.  Use -Wno-dev to suppress it.
[7.221s] [0m
[7.252s] -- Checking for module 'eigen3'
[7.390s] --   Found eigen3, version 3.4.0
[7.779s] -- Found Eigen: /home/luqo/miniforge3/envs/ros_env/include/eigen3 (Required is at least version "3.3") 
[7.779s] -- Eigen found (include: /home/luqo/miniforge3/envs/ros_env/include/eigen3, version: 3.4.0)
[7.802s] -- Found Boost: /home/luqo/miniforge3/envs/ros_env/lib/cmake/Boost-1.82.0/BoostConfig.cmake (found suitable version "1.82.0", minimum required is "1.65.0") found components: system filesystem iostreams 
[7.805s] [33mCMake Warning (dev) at /home/luqo/miniforge3/envs/ros_env/share/pcl-1.13/Modules/FindFLANN.cmake:45 (find_package):
[7.805s]   Policy CMP0144 is not set: find_package uses upper-case <PACKAGENAME>_ROOT
[7.805s]   variables.  Run "cmake --help-policy CMP0144" for policy details.  Use the
[7.805s]   cmake_policy command to set the policy and suppress this warning.
[7.805s] 
[7.805s]   CMake variable FLANN_ROOT is set to:
[7.805s] 
[7.805s]     /home/luqo/miniforge3/envs/ros_env
[7.805s] 
[7.805s]   For compatibility, find_package is ignoring the variable, but code in a
[7.805s]   .cmake module might still use it.
[7.805s] Call Stack (most recent call first):
[7.806s]   /home/luqo/miniforge3/envs/ros_env/share/pcl-1.13/PCLConfig.cmake:253 (find_package)
[7.806s]   /home/luqo/miniforge3/envs/ros_env/share/pcl-1.13/PCLConfig.cmake:298 (find_flann)
[7.806s]   /home/luqo/miniforge3/envs/ros_env/share/pcl-1.13/PCLConfig.cmake:549 (find_external_library)
[7.806s]   CMakeLists.txt:22 (find_package)
[7.806s] This warning is for project developers.  Use -Wno-dev to suppress it.
[7.806s] [0m
[7.807s] -- Found flann version 1.9.2
[7.894s] -- Found GLEW: /home/luqo/miniforge3/envs/ros_env/lib/libGLEW.so  
[7.913s] -- Found OpenGL: /home/luqo/miniforge3/envs/ros_env/lib/libOpenGL.so  found components: OpenGL GLX 
[7.916s] -- Found utf8cpp: /home/luqo/miniforge3/envs/ros_env/include  
[7.942s] -- Found ZLIB: /home/luqo/miniforge3/envs/ros_env/lib/libz.so (found version "1.2.13")  
[7.978s] -- Found PNG: /home/luqo/miniforge3/envs/ros_env/lib/libpng.so (found version "1.6.43") 
[7.981s] -- Found nlohmann_json: /home/luqo/miniforge3/envs/ros_env/share/cmake/nlohmann_json/nlohmann_jsonConfig.cmake (found version "3.12.0") 
[8.017s] -- Found Eigen3: /home/luqo/miniforge3/envs/ros_env/include/eigen3 (found version "3.4.0") 
[8.097s] -- Found X11: /home/luqo/miniforge3/envs/ros_env/include   
[8.098s] -- Looking for XOpenDisplay in /home/luqo/miniforge3/envs/ros_env/lib/libX11.so;/home/luqo/miniforge3/envs/ros_env/lib/libXext.so
[8.327s] -- Looking for XOpenDisplay in /home/luqo/miniforge3/envs/ros_env/lib/libX11.so;/home/luqo/miniforge3/envs/ros_env/lib/libXext.so - found
[8.327s] -- Looking for gethostbyname
[8.548s] -- Looking for gethostbyname - found
[8.548s] -- Looking for connect
[8.755s] -- Looking for connect - found
[8.755s] -- Looking for remove
[8.969s] -- Looking for remove - found
[8.969s] -- Looking for shmat
[9.165s] -- Looking for shmat - found
[9.165s] -- Looking for IceConnectionNumber in ICE
[9.367s] -- Looking for IceConnectionNumber in ICE - found
[10.069s] -- Found EXPAT: /home/luqo/miniforge3/envs/ros_env/lib/libexpat.so (found version "2.5.0") 
[10.073s] -- Found double-conversion: /home/luqo/miniforge3/envs/ros_env/lib/libdouble-conversion.so  
[10.079s] -- Found LZ4: /home/luqo/miniforge3/envs/ros_env/lib/liblz4.so (found version "1.9.4") 
[10.084s] -- Found LZMA: /home/luqo/miniforge3/envs/ros_env/lib/liblzma.so (found version "5.8.1") 
[10.119s] -- Found JPEG: /home/luqo/miniforge3/envs/ros_env/lib/libjpeg.so (found version "80") 
[10.143s] -- Found TIFF: /home/luqo/miniforge3/envs/ros_env/lib/libtiff.so (found version "4.6.0")  
[10.165s] -- Found Freetype: /home/luqo/miniforge3/envs/ros_env/lib/libfreetype.so (found version "2.12.1") 
[10.661s] -- Eigen found (include: /home/luqo/miniforge3/envs/ros_env/include/eigen3, version: 3.4.0)
[11.058s] -- Found Qhull version 8.0.2
[11.436s] -- looking for PCL_COMMON
[11.439s] -- Found PCL_COMMON: /home/luqo/miniforge3/envs/ros_env/lib/libpcl_common.so  
[11.439s] -- looking for PCL_KDTREE
[11.442s] -- Found PCL_KDTREE: /home/luqo/miniforge3/envs/ros_env/lib/libpcl_kdtree.so  
[11.442s] -- looking for PCL_OCTREE
[11.445s] -- Found PCL_OCTREE: /home/luqo/miniforge3/envs/ros_env/lib/libpcl_octree.so  
[11.445s] -- looking for PCL_SEARCH
[11.448s] -- Found PCL_SEARCH: /home/luqo/miniforge3/envs/ros_env/lib/libpcl_search.so  
[11.448s] -- looking for PCL_SAMPLE_CONSENSUS
[11.451s] -- Found PCL_SAMPLE_CONSENSUS: /home/luqo/miniforge3/envs/ros_env/lib/libpcl_sample_consensus.so  
[11.452s] -- looking for PCL_FILTERS
[11.454s] -- Found PCL_FILTERS: /home/luqo/miniforge3/envs/ros_env/lib/libpcl_filters.so  
[11.454s] -- looking for PCL_2D
[11.455s] -- Found PCL_2D: /home/luqo/miniforge3/envs/ros_env/include/pcl-1.13  
[11.455s] -- looking for PCL_GEOMETRY
[11.456s] -- Found PCL_GEOMETRY: /home/luqo/miniforge3/envs/ros_env/include/pcl-1.13  
[11.456s] -- looking for PCL_IO
[11.460s] -- Found PCL_IO: /home/luqo/miniforge3/envs/ros_env/lib/libpcl_io.so  
[11.460s] -- looking for PCL_FEATURES
[11.463s] -- Found PCL_FEATURES: /home/luqo/miniforge3/envs/ros_env/lib/libpcl_features.so  
[11.463s] -- looking for PCL_ML
[11.466s] -- Found PCL_ML: /home/luqo/miniforge3/envs/ros_env/lib/libpcl_ml.so  
[11.466s] -- looking for PCL_SEGMENTATION
[11.468s] -- Found PCL_SEGMENTATION: /home/luqo/miniforge3/envs/ros_env/lib/libpcl_segmentation.so  
[11.469s] -- looking for PCL_VISUALIZATION
[11.472s] -- Found PCL_VISUALIZATION: /home/luqo/miniforge3/envs/ros_env/lib/libpcl_visualization.so  
[11.472s] -- looking for PCL_SURFACE
[11.474s] -- Found PCL_SURFACE: /home/luqo/miniforge3/envs/ros_env/lib/libpcl_surface.so  
[11.475s] -- looking for PCL_REGISTRATION
[11.477s] -- Found PCL_REGISTRATION: /home/luqo/miniforge3/envs/ros_env/lib/libpcl_registration.so  
[11.478s] -- looking for PCL_KEYPOINTS
[11.481s] -- Found PCL_KEYPOINTS: /home/luqo/miniforge3/envs/ros_env/lib/libpcl_keypoints.so  
[11.481s] -- looking for PCL_TRACKING
[11.484s] -- Found PCL_TRACKING: /home/luqo/miniforge3/envs/ros_env/lib/libpcl_tracking.so  
[11.484s] -- looking for PCL_RECOGNITION
[11.487s] -- Found PCL_RECOGNITION: /home/luqo/miniforge3/envs/ros_env/lib/libpcl_recognition.so  
[11.487s] -- looking for PCL_STEREO
[11.491s] -- Found PCL_STEREO: /home/luqo/miniforge3/envs/ros_env/lib/libpcl_stereo.so  
[11.491s] -- looking for PCL_OUTOFCORE
[11.494s] -- Found PCL_OUTOFCORE: /home/luqo/miniforge3/envs/ros_env/lib/libpcl_outofcore.so  
[11.494s] -- looking for PCL_PEOPLE
[11.497s] -- Found PCL_PEOPLE: /home/luqo/miniforge3/envs/ros_env/lib/libpcl_people.so  
[11.499s] -- Found PCL: pcl_common;pcl_kdtree;pcl_octree;pcl_search;pcl_sample_consensus;pcl_filters;pcl_io;pcl_features;pcl_ml;pcl_segmentation;pcl_visualization;pcl_surface;pcl_registration;pcl_keypoints;pcl_tracking;pcl_recognition;pcl_stereo;pcl_outofcore;pcl_people;Boost::system;Boost::filesystem;Boost::iostreams;VTK::ChartsCore;VTK::CommonColor;VTK::CommonComputationalGeometry;VTK::CommonCore;VTK::CommonDataModel;VTK::CommonExecutionModel;VTK::CommonMath;VTK::CommonMisc;VTK::CommonTransforms;VTK::FiltersCore;VTK::FiltersExtraction;VTK::FiltersGeneral;VTK::FiltersGeometry;VTK::FiltersModeling;VTK::FiltersSources;VTK::ImagingCore;VTK::ImagingSources;VTK::InteractionImage;VTK::InteractionStyle;VTK::InteractionWidgets;VTK::IOCore;VTK::IOGeometry;VTK::IOImage;VTK::IOLegacy;VTK::IOPLY;VTK::RenderingAnnotation;VTK::RenderingCore;VTK::RenderingContext2D;VTK::RenderingLOD;VTK::RenderingFreeType;VTK::ViewsCore;VTK::ViewsContext2D;VTK::RenderingOpenGL2;VTK::RenderingContextOpenGL2;VTK::GUISupportQt;FLANN::FLANN;QHULL::QHULL  
[11.629s] -- Found ament_lint_auto: 0.12.10 (/home/luqo/miniforge3/envs/ros_env/share/ament_lint_auto/cmake)
[11.944s] -- Added test 'cppcheck' to perform static code analysis on C / C++ code
[11.945s] -- Configured cppcheck include dirs: $<BUILD_INTERFACE:/home/luqo/Documents/Robotica/TPs/Robotica-TP6/turtlebot3_icp_localization/include>
[11.945s] -- Configured cppcheck exclude dirs and/or files: 
[11.950s] -- Added test 'flake8' to check Python code syntax and style conventions
[11.958s] -- Added test 'lint_cmake' to check CMake code style
[11.962s] -- Added test 'pep257' to check Python code against some of the docstring style conventions in PEP 257
[11.990s] -- Added test 'uncrustify' to check C / C++ code style
[11.990s] -- Configured uncrustify additional arguments: 
[11.995s] -- Added test 'xmllint' to check XML markup files
[11.998s] -- Configuring done (12.0s)
[12.093s] -- Generating done (0.1s)
[12.101s] -- Build files have been written to: /home/luqo/Documents/Robotica/TPs/Robotica-TP6/build/turtlebot3_icp_localization
[12.158s] Invoked command in '/home/luqo/Documents/Robotica/TPs/Robotica-TP6/build/turtlebot3_icp_localization' returned '0': CMAKE_PREFIX_PATH=${CMAKE_PREFIX_PATH}:/home/luqo/miniforge3/envs/ros_env CONDA_PROMPT_MODIFIER=(base) /home/luqo/miniforge3/envs/ros_env/bin/cmake /home/luqo/Documents/Robotica/TPs/Robotica-TP6/turtlebot3_icp_localization -DCMAKE_INSTALL_PREFIX=/home/luqo/Documents/Robotica/TPs/Robotica-TP6/install/turtlebot3_icp_localization
[12.162s] Invoking command in '/home/luqo/Documents/Robotica/TPs/Robotica-TP6/build/turtlebot3_icp_localization': CMAKE_PREFIX_PATH=${CMAKE_PREFIX_PATH}:/home/luqo/miniforge3/envs/ros_env CONDA_PROMPT_MODIFIER=(base) /home/luqo/miniforge3/envs/ros_env/bin/cmake --build /home/luqo/Documents/Robotica/TPs/Robotica-TP6/build/turtlebot3_icp_localization -- -j8 -l8
[12.269s] [ 50%] [32mBuilding CXX object CMakeFiles/icp_localizer.dir/src/icp_localizer.cpp.o[0m
[45.478s] [100%] [32m[1mLinking CXX executable icp_localizer[0m
[49.707s] /home/luqo/miniforge3/envs/ros_env/bin/../lib/gcc/x86_64-conda-linux-gnu/14.3.0/../../../../x86_64-conda-linux-gnu/bin/ld: /home/luqo/miniforge3/envs/ros_env/lib/libnav_msgs__rosidl_generator_py.so: undefined reference to `_Py_Dealloc'
[49.709s] /home/luqo/miniforge3/envs/ros_env/bin/../lib/gcc/x86_64-conda-linux-gnu/14.3.0/../../../../x86_64-conda-linux-gnu/bin/ld: /home/luqo/miniforge3/envs/ros_env/lib/libnav_msgs__rosidl_generator_py.so: undefined reference to `PyExc_RuntimeError'
[49.717s] /home/luqo/miniforge3/envs/ros_env/bin/../lib/gcc/x86_64-conda-linux-gnu/14.3.0/../../../../x86_64-conda-linux-gnu/bin/ld: /home/luqo/miniforge3/envs/ros_env/lib/libnav_msgs__rosidl_generator_py.so: undefined reference to `PyList_SetItem'
[49.719s] /home/luqo/miniforge3/envs/ros_env/bin/../lib/gcc/x86_64-conda-linux-gnu/14.3.0/../../../../x86_64-conda-linux-gnu/bin/ld: /home/luqo/miniforge3/envs/ros_env/lib/libnav_msgs__rosidl_generator_py.so: undefined reference to `PyBuffer_Release'
[49.723s] /home/luqo/miniforge3/envs/ros_env/bin/../lib/gcc/x86_64-conda-linux-gnu/14.3.0/../../../../x86_64-conda-linux-gnu/bin/ld: /home/luqo/miniforge3/envs/ros_env/lib/libnav_msgs__rosidl_generator_py.so: undefined reference to `PyFloat_FromDouble'
[49.726s] /home/luqo/miniforge3/envs/ros_env/bin/../lib/gcc/x86_64-conda-linux-gnu/14.3.0/../../../../x86_64-conda-linux-gnu/bin/ld: /home/luqo/miniforge3/envs/ros_env/lib/libstd_msgs__rosidl_generator_py.so: undefined reference to `PyLong_AsLongLong'
[49.726s] /home/luqo/miniforge3/envs/ros_env/bin/../lib/gcc/x86_64-conda-linux-gnu/14.3.0/../../../../x86_64-conda-linux-gnu/bin/ld: /home/luqo/miniforge3/envs/ros_env/lib/libnav_msgs__rosidl_generator_py.so: undefined reference to `PyObject_Size'
[49.732s] /home/luqo/miniforge3/envs/ros_env/bin/../lib/gcc/x86_64-conda-linux-gnu/14.3.0/../../../../x86_64-conda-linux-gnu/bin/ld: /home/luqo/miniforge3/envs/ros_env/lib/libnav_msgs__rosidl_generator_py.so: undefined reference to `PyBuffer_ToContiguous'
[49.732s] /home/luqo/miniforge3/envs/ros_env/bin/../lib/gcc/x86_64-conda-linux-gnu/14.3.0/../../../../x86_64-conda-linux-gnu/bin/ld: /home/luqo/miniforge3/envs/ros_env/lib/libnav_msgs__rosidl_generator_py.so: undefined reference to `PyObject_CallFunctionObjArgs'
[49.736s] /home/luqo/miniforge3/envs/ros_env/bin/../lib/gcc/x86_64-conda-linux-gnu/14.3.0/../../../../x86_64-conda-linux-gnu/bin/ld: /home/luqo/miniforge3/envs/ros_env/lib/libnav_msgs__rosidl_generator_py.so: undefined reference to `PyBytes_FromStringAndSize'
[49.743s] /home/luqo/miniforge3/envs/ros_env/bin/../lib/gcc/x86_64-conda-linux-gnu/14.3.0/../../../../x86_64-conda-linux-gnu/bin/ld: /home/luqo/miniforge3/envs/ros_env/lib/libnav_msgs__rosidl_generator_py.so: undefined reference to `PyErr_SetString'
[49.747s] /home/luqo/miniforge3/envs/ros_env/bin/../lib/gcc/x86_64-conda-linux-gnu/14.3.0/../../../../x86_64-conda-linux-gnu/bin/ld: /home/luqo/miniforge3/envs/ros_env/lib/libstd_msgs__rosidl_generator_py.so: undefined reference to `PyLong_FromUnsignedLongLong'
[49.758s] /home/luqo/miniforge3/envs/ros_env/bin/../lib/gcc/x86_64-conda-linux-gnu/14.3.0/../../../../x86_64-conda-linux-gnu/bin/ld: /home/luqo/miniforge3/envs/ros_env/lib/libnav_msgs__rosidl_generator_py.so: undefined reference to `PyBool_FromLong'
[49.758s] /home/luqo/miniforge3/envs/ros_env/bin/../lib/gcc/x86_64-conda-linux-gnu/14.3.0/../../../../x86_64-conda-linux-gnu/bin/ld: /home/luqo/miniforge3/envs/ros_env/lib/libnav_msgs__rosidl_generator_py.so: undefined reference to `PyLong_AsLong'
[49.758s] /home/luqo/miniforge3/envs/ros_env/bin/../lib/gcc/x86_64-conda-linux-gnu/14.3.0/../../../../x86_64-conda-linux-gnu/bin/ld: /home/luqo/miniforge3/envs/ros_env/lib/libnav_msgs__rosidl_generator_py.so: undefined reference to `_Py_TrueStruct'
[49.759s] /home/luqo/miniforge3/envs/ros_env/bin/../lib/gcc/x86_64-conda-linux-gnu/14.3.0/../../../../x86_64-conda-linux-gnu/bin/ld: /home/luqo/miniforge3/envs/ros_env/lib/libstd_msgs__rosidl_generator_py.so: undefined reference to `PyLong_FromLongLong'
[49.767s] /home/luqo/miniforge3/envs/ros_env/bin/../lib/gcc/x86_64-conda-linux-gnu/14.3.0/../../../../x86_64-conda-linux-gnu/bin/ld: /home/luqo/miniforge3/envs/ros_env/lib/libnav_msgs__rosidl_generator_py.so: undefined reference to `PyObject_GetAttrString'
[49.770s] /home/luqo/miniforge3/envs/ros_env/bin/../lib/gcc/x86_64-conda-linux-gnu/14.3.0/../../../../x86_64-conda-linux-gnu/bin/ld: /home/luqo/miniforge3/envs/ros_env/lib/libnav_msgs__rosidl_generator_py.so: undefined reference to `PyObject_CheckBuffer'
[49.776s] /home/luqo/miniforge3/envs/ros_env/bin/../lib/gcc/x86_64-conda-linux-gnu/14.3.0/../../../../x86_64-conda-linux-gnu/bin/ld: /home/luqo/miniforge3/envs/ros_env/lib/libsensor_msgs__rosidl_generator_py.so: undefined reference to `PyLong_FromLong'
[49.779s] /home/luqo/miniforge3/envs/ros_env/bin/../lib/gcc/x86_64-conda-linux-gnu/14.3.0/../../../../x86_64-conda-linux-gnu/bin/ld: /home/luqo/miniforge3/envs/ros_env/lib/libnav_msgs__rosidl_generator_py.so: undefined reference to `PyObject_SetAttrString'
[49.782s] /home/luqo/miniforge3/envs/ros_env/bin/../lib/gcc/x86_64-conda-linux-gnu/14.3.0/../../../../x86_64-conda-linux-gnu/bin/ld: /home/luqo/miniforge3/envs/ros_env/lib/libnav_msgs__rosidl_generator_py.so: undefined reference to `PyUnicode_DecodeUTF8'
[49.788s] /home/luqo/miniforge3/envs/ros_env/bin/../lib/gcc/x86_64-conda-linux-gnu/14.3.0/../../../../x86_64-conda-linux-gnu/bin/ld: /home/luqo/miniforge3/envs/ros_env/lib/libnav_msgs__rosidl_generator_py.so: undefined reference to `PyObject_GetBuffer'
[49.794s] /home/luqo/miniforge3/envs/ros_env/bin/../lib/gcc/x86_64-conda-linux-gnu/14.3.0/../../../../x86_64-conda-linux-gnu/bin/ld: /home/luqo/miniforge3/envs/ros_env/lib/libstd_msgs__rosidl_generator_py.so: undefined reference to `PyLong_AsUnsignedLongLong'
[49.798s] /home/luqo/miniforge3/envs/ros_env/bin/../lib/gcc/x86_64-conda-linux-gnu/14.3.0/../../../../x86_64-conda-linux-gnu/bin/ld: /home/luqo/miniforge3/envs/ros_env/lib/libnav_msgs__rosidl_generator_py.so: undefined reference to `PyLong_AsUnsignedLong'
[49.799s] /home/luqo/miniforge3/envs/ros_env/bin/../lib/gcc/x86_64-conda-linux-gnu/14.3.0/../../../../x86_64-conda-linux-gnu/bin/ld: /home/luqo/miniforge3/envs/ros_env/lib/libnav_msgs__rosidl_generator_py.so: undefined reference to `PySequence_Size'
[49.821s] /home/luqo/miniforge3/envs/ros_env/bin/../lib/gcc/x86_64-conda-linux-gnu/14.3.0/../../../../x86_64-conda-linux-gnu/bin/ld: /home/luqo/miniforge3/envs/ros_env/lib/libnav_msgs__rosidl_generator_py.so: undefined reference to `PySequence_Fast'
[49.823s] /home/luqo/miniforge3/envs/ros_env/bin/../lib/gcc/x86_64-conda-linux-gnu/14.3.0/../../../../x86_64-conda-linux-gnu/bin/ld: /home/luqo/miniforge3/envs/ros_env/lib/libnav_msgs__rosidl_generator_py.so: undefined reference to `PyUnicode_AsUTF8String'
[49.825s] /home/luqo/miniforge3/envs/ros_env/bin/../lib/gcc/x86_64-conda-linux-gnu/14.3.0/../../../../x86_64-conda-linux-gnu/bin/ld: /home/luqo/miniforge3/envs/ros_env/lib/libnav_msgs__rosidl_generator_py.so: undefined reference to `PyImport_ImportModule'
[49.833s] /home/luqo/miniforge3/envs/ros_env/bin/../lib/gcc/x86_64-conda-linux-gnu/14.3.0/../../../../x86_64-conda-linux-gnu/bin/ld: /home/luqo/miniforge3/envs/ros_env/lib/libnav_msgs__rosidl_generator_py.so: undefined reference to `PyObject_CallObject'
[49.838s] /home/luqo/miniforge3/envs/ros_env/bin/../lib/gcc/x86_64-conda-linux-gnu/14.3.0/../../../../x86_64-conda-linux-gnu/bin/ld: /home/luqo/miniforge3/envs/ros_env/lib/libnav_msgs__rosidl_generator_py.so: undefined reference to `PyLong_AsSize_t'
[49.861s] /home/luqo/miniforge3/envs/ros_env/bin/../lib/gcc/x86_64-conda-linux-gnu/14.3.0/../../../../x86_64-conda-linux-gnu/bin/ld: /home/luqo/miniforge3/envs/ros_env/lib/libnav_msgs__rosidl_generator_py.so: undefined reference to `PyList_New'
[49.864s] /home/luqo/miniforge3/envs/ros_env/bin/../lib/gcc/x86_64-conda-linux-gnu/14.3.0/../../../../x86_64-conda-linux-gnu/bin/ld: /home/luqo/miniforge3/envs/ros_env/lib/libnav_msgs__rosidl_generator_py.so: undefined reference to `PyLong_FromUnsignedLong'
[49.995s] collect2: error: ld returned 1 exit status
[50.000s] gmake[2]: *** [CMakeFiles/icp_localizer.dir/build.make:325: icp_localizer] Error 1
[50.001s] gmake[1]: *** [CMakeFiles/Makefile2:137: CMakeFiles/icp_localizer.dir/all] Error 2
[50.002s] gmake: *** [Makefile:146: all] Error 2
