[0.007s] Invoking command in '/home/alumno1/Documents/Robotica-TP6/turtlebot3_icp_localization/build/turtlebot3_icp_localization': CMAKE_PREFIX_PATH=${CMAKE_PREFIX_PATH}:/home/alumno1/turtlebot3_ws/install/turtlebot3_teleop:/home/alumno1/turtlebot3_ws/install/turtlebot3_example:/opt/ros/humble /usr/bin/cmake --build /home/alumno1/Documents/Robotica-TP6/turtlebot3_icp_localization/build/turtlebot3_icp_localization -- -j28 -l28
[0.038s] [35m[1mConsolidate compiler generated dependencies of target icp_localizer[0m
[0.052s] [ 50%] [32mBuilding CXX object CMakeFiles/icp_localizer.dir/src/icp_localizer.cpp.o[0m
[2.354s] [01m[K/home/alumno1/Documents/Robotica-TP6/turtlebot3_icp_localization/src/icp_localizer.cpp:[m[K In member function â€˜[01m[Kvoid IcpLocalizer::closest_point_matching_with_kdtree(pcl::PointCloud<pcl::PointXYZ>::Ptr, pcl::PointCloud<pcl::PointXYZ>::Ptr, std::vector<Eigen::Matrix<float, 2, 1> >&, std::vector<Eigen::Matrix<float, 2, 1> >&)[m[Kâ€™:
[2.354s] [01m[K/home/alumno1/Documents/Robotica-TP6/turtlebot3_icp_localization/src/icp_localizer.cpp:230:14:[m[K [01;31m[Kerror: [m[Kâ€˜[01m[KKdTreeFLANN[m[Kâ€™ is not a member of â€˜[01m[Kpcl[m[Kâ€™
[2.354s]   230 |         pcl::[01;31m[KKdTreeFLANN[m[K<pcl::PointXYZ> kdtree;
[2.354s]       |              [01;31m[K^~~~~~~~~~~[m[K
[2.354s] [01m[K/home/alumno1/Documents/Robotica-TP6/turtlebot3_icp_localization/src/icp_localizer.cpp:230:39:[m[K [01;31m[Kerror: [m[Kexpected primary-expression before â€˜[01m[K>[m[Kâ€™ token
[2.354s]   230 |         pcl::KdTreeFLANN<pcl::PointXYZ[01;31m[K>[m[K kdtree;
[2.354s]       |                                       [01;31m[K^[m[K
[2.358s] [01m[K/home/alumno1/Documents/Robotica-TP6/turtlebot3_icp_localization/src/icp_localizer.cpp:230:41:[m[K [01;31m[Kerror: [m[Kâ€˜[01m[Kkdtree[m[Kâ€™ was not declared in this scope
[2.358s]   230 |         pcl::KdTreeFLANN<pcl::PointXYZ> [01;31m[Kkdtree[m[K;
[2.358s]       |                                         [01;31m[K^~~~~~[m[K
[3.981s] gmake[2]: *** [CMakeFiles/icp_localizer.dir/build.make:76: CMakeFiles/icp_localizer.dir/src/icp_localizer.cpp.o] Error 1
[3.981s] gmake[1]: *** [CMakeFiles/Makefile2:137: CMakeFiles/icp_localizer.dir/all] Error 2
[3.981s] gmake: *** [Makefile:146: all] Error 2
[3.983s] Invoked command in '/home/alumno1/Documents/Robotica-TP6/turtlebot3_icp_localization/build/turtlebot3_icp_localization' returned '2': CMAKE_PREFIX_PATH=${CMAKE_PREFIX_PATH}:/home/alumno1/turtlebot3_ws/install/turtlebot3_teleop:/home/alumno1/turtlebot3_ws/install/turtlebot3_example:/opt/ros/humble /usr/bin/cmake --build /home/alumno1/Documents/Robotica-TP6/turtlebot3_icp_localization/build/turtlebot3_icp_localization -- -j28 -l28
