[01m[K/home/alumno1/Documents/Robotica-TP6/turtlebot3_icp_localization/src/icp_localizer.cpp:[m[K In member function â€˜[01m[Kvoid IcpLocalizer::scan_callback(sensor_msgs::msg::LaserScan_<std::allocator<void> >::SharedPtr)[m[Kâ€™:
[01m[K/home/alumno1/Documents/Robotica-TP6/turtlebot3_icp_localization/src/icp_localizer.cpp:103:45:[m[K [01;31m[Kerror: [m[Kâ€˜[01m[Kstable_cloud[m[Kâ€™ was not declared in this scope; did you mean â€˜[01m[Kstable_cloud_[m[Kâ€™?
  103 |         bool converged = icp(current_cloud, [01;31m[Kstable_cloud[m[K, icp_transform);
      |                                             [01;31m[K^~~~~~~~~~~~[m[K
      |                                             [32m[Kstable_cloud_[m[K
gmake[2]: *** [CMakeFiles/icp_localizer.dir/build.make:76: CMakeFiles/icp_localizer.dir/src/icp_localizer.cpp.o] Error 1
gmake[1]: *** [CMakeFiles/Makefile2:137: CMakeFiles/icp_localizer.dir/all] Error 2
gmake: *** [Makefile:146: all] Error 2
