[0.027s] Invoking command in '/home/luqo/Documents/Robotica/TPs/Robotica-TP6/build/turtlebot3_custom_simulation': CMAKE_PREFIX_PATH=${CMAKE_PREFIX_PATH}:/home/luqo/miniforge3/envs/ros_env CONDA_PROMPT_MODIFIER=(base) /home/luqo/miniforge3/envs/ros_env/bin/cmake /home/luqo/Documents/Robotica/TPs/Robotica-TP6/turtlebot3_custom_simulation -DCMAKE_INSTALL_PREFIX=/home/luqo/Documents/Robotica/TPs/Robotica-TP6/install/turtlebot3_custom_simulation
[0.159s] -- The C compiler identification is GNU 14.3.0
[0.485s] -- The CXX compiler identification is GNU 14.3.0
[0.529s] -- Detecting C compiler ABI info
[0.727s] -- Detecting C compiler ABI info - done
[0.767s] -- Check for working C compiler: /home/luqo/miniforge3/envs/ros_env/bin/cc - skipped
[0.767s] -- Detecting C compile features
[0.769s] -- Detecting C compile features - done
[0.792s] -- Detecting CXX compiler ABI info
[1.184s] -- Detecting CXX compiler ABI info - done
[1.208s] -- Check for working CXX compiler: /home/luqo/miniforge3/envs/ros_env/bin/c++ - skipped
[1.208s] -- Detecting CXX compile features
[1.209s] -- Detecting CXX compile features - done
[1.223s] -- Found ament_cmake: 1.3.7 (/home/luqo/miniforge3/envs/ros_env/share/ament_cmake/cmake)
[2.186s] -- Found Python3: /home/luqo/miniforge3/bin/python3.12 (found version "3.12.11") found components: Interpreter 
[2.536s] -- Found geometry_msgs: 4.2.3 (/home/luqo/miniforge3/envs/ros_env/share/geometry_msgs/cmake)
[2.697s] -- Found rosidl_generator_c: 3.1.5 (/home/luqo/miniforge3/envs/ros_env/share/rosidl_generator_c/cmake)
[2.723s] -- Found rosidl_adapter: 3.1.5 (/home/luqo/miniforge3/envs/ros_env/share/rosidl_adapter/cmake)
[2.758s] -- Found rosidl_generator_cpp: 3.1.5 (/home/luqo/miniforge3/envs/ros_env/share/rosidl_generator_cpp/cmake)
[2.809s] -- Using all available rosidl_typesupport_c: rosidl_typesupport_fastrtps_c;rosidl_typesupport_introspection_c
[2.881s] -- Using all available rosidl_typesupport_cpp: rosidl_typesupport_fastrtps_cpp;rosidl_typesupport_introspection_cpp
[3.202s] -- Found nav_msgs: 4.2.3 (/home/luqo/miniforge3/envs/ros_env/share/nav_msgs/cmake)
[3.414s] -- Found rclcpp: 16.0.8 (/home/luqo/miniforge3/envs/ros_env/share/rclcpp/cmake)
[3.654s] -- Checking for module 'yaml-0.1'
[3.792s] --   Found yaml-0.1, version 0.2.5
[4.206s] -- Found rmw_implementation_cmake: 6.1.1 (/home/luqo/miniforge3/envs/ros_env/share/rmw_implementation_cmake/cmake)
[4.226s] -- Found rmw_fastrtps_cpp: 6.2.6 (/home/luqo/miniforge3/envs/ros_env/share/rmw_fastrtps_cpp/cmake)
[4.942s] -- Found OpenSSL: /home/luqo/miniforge3/envs/ros_env/lib/libcrypto.so (found version "3.6.0")  
[5.001s] -- Found FastRTPS: /home/luqo/miniforge3/envs/ros_env/include  
[5.135s] -- Using RMW implementation 'rmw_fastrtps_cpp' as default
[5.169s] -- Performing Test CMAKE_HAVE_LIBC_PTHREAD
[5.366s] -- Performing Test CMAKE_HAVE_LIBC_PTHREAD - Success
[5.371s] -- Found Threads: TRUE  
[5.708s] -- Found sensor_msgs: 4.2.3 (/home/luqo/miniforge3/envs/ros_env/share/sensor_msgs/cmake)
[5.923s] -- Found tf2: 0.25.5 (/home/luqo/miniforge3/envs/ros_env/share/tf2/cmake)
[5.962s] -- Found tf2_msgs: 0.25.5 (/home/luqo/miniforge3/envs/ros_env/share/tf2_msgs/cmake)
[6.335s] -- Found turtlebot3_msgs: 2.2.3 (/home/luqo/miniforge3/envs/ros_env/share/turtlebot3_msgs/cmake)
[6.877s] -- Configuring done (6.8s)
[6.907s] -- Generating done (0.0s)
[6.912s] -- Build files have been written to: /home/luqo/Documents/Robotica/TPs/Robotica-TP6/build/turtlebot3_custom_simulation
[6.934s] Invoked command in '/home/luqo/Documents/Robotica/TPs/Robotica-TP6/build/turtlebot3_custom_simulation' returned '0': CMAKE_PREFIX_PATH=${CMAKE_PREFIX_PATH}:/home/luqo/miniforge3/envs/ros_env CONDA_PROMPT_MODIFIER=(base) /home/luqo/miniforge3/envs/ros_env/bin/cmake /home/luqo/Documents/Robotica/TPs/Robotica-TP6/turtlebot3_custom_simulation -DCMAKE_INSTALL_PREFIX=/home/luqo/Documents/Robotica/TPs/Robotica-TP6/install/turtlebot3_custom_simulation
[6.937s] Invoking command in '/home/luqo/Documents/Robotica/TPs/Robotica-TP6/build/turtlebot3_custom_simulation': CMAKE_PREFIX_PATH=${CMAKE_PREFIX_PATH}:/home/luqo/miniforge3/envs/ros_env CONDA_PROMPT_MODIFIER=(base) /home/luqo/miniforge3/envs/ros_env/bin/cmake --build /home/luqo/Documents/Robotica/TPs/Robotica-TP6/build/turtlebot3_custom_simulation -- -j8 -l8
[7.031s] [ 50%] [32mBuilding CXX object CMakeFiles/turtlebot3_custom_simulation.dir/src/turtlebot3_custom_simulation.cpp.o[0m
[26.611s] [100%] [32m[1mLinking CXX executable turtlebot3_custom_simulation[0m
[27.737s] /home/luqo/miniforge3/envs/ros_env/bin/../lib/gcc/x86_64-conda-linux-gnu/14.3.0/../../../../x86_64-conda-linux-gnu/bin/ld: /home/luqo/miniforge3/envs/ros_env/lib/libnav_msgs__rosidl_generator_py.so: undefined reference to `_Py_Dealloc'
[27.737s] /home/luqo/miniforge3/envs/ros_env/bin/../lib/gcc/x86_64-conda-linux-gnu/14.3.0/../../../../x86_64-conda-linux-gnu/bin/ld: /home/luqo/miniforge3/envs/ros_env/lib/libsensor_msgs__rosidl_generator_py.so: undefined reference to `PyLong_FromLong'
[27.737s] /home/luqo/miniforge3/envs/ros_env/bin/../lib/gcc/x86_64-conda-linux-gnu/14.3.0/../../../../x86_64-conda-linux-gnu/bin/ld: /home/luqo/miniforge3/envs/ros_env/lib/libnav_msgs__rosidl_generator_py.so: undefined reference to `PyUnicode_AsUTF8String'
[27.739s] /home/luqo/miniforge3/envs/ros_env/bin/../lib/gcc/x86_64-conda-linux-gnu/14.3.0/../../../../x86_64-conda-linux-gnu/bin/ld: /home/luqo/miniforge3/envs/ros_env/lib/libnav_msgs__rosidl_generator_py.so: undefined reference to `PyImport_ImportModule'
[27.740s] /home/luqo/miniforge3/envs/ros_env/bin/../lib/gcc/x86_64-conda-linux-gnu/14.3.0/../../../../x86_64-conda-linux-gnu/bin/ld: /home/luqo/miniforge3/envs/ros_env/lib/libnav_msgs__rosidl_generator_py.so: undefined reference to `PyObject_SetAttrString'
[27.741s] /home/luqo/miniforge3/envs/ros_env/bin/../lib/gcc/x86_64-conda-linux-gnu/14.3.0/../../../../x86_64-conda-linux-gnu/bin/ld: /home/luqo/miniforge3/envs/ros_env/lib/libnav_msgs__rosidl_generator_py.so: undefined reference to `PyExc_RuntimeError'
[27.742s] /home/luqo/miniforge3/envs/ros_env/bin/../lib/gcc/x86_64-conda-linux-gnu/14.3.0/../../../../x86_64-conda-linux-gnu/bin/ld: /home/luqo/miniforge3/envs/ros_env/lib/libnav_msgs__rosidl_generator_py.so: undefined reference to `PyUnicode_DecodeUTF8'
[27.743s] /home/luqo/miniforge3/envs/ros_env/bin/../lib/gcc/x86_64-conda-linux-gnu/14.3.0/../../../../x86_64-conda-linux-gnu/bin/ld: /home/luqo/miniforge3/envs/ros_env/lib/libnav_msgs__rosidl_generator_py.so: undefined reference to `PyErr_SetString'
[27.743s] /home/luqo/miniforge3/envs/ros_env/bin/../lib/gcc/x86_64-conda-linux-gnu/14.3.0/../../../../x86_64-conda-linux-gnu/bin/ld: /home/luqo/miniforge3/envs/ros_env/lib/libnav_msgs__rosidl_generator_py.so: undefined reference to `PyObject_CallObject'
[27.748s] /home/luqo/miniforge3/envs/ros_env/bin/../lib/gcc/x86_64-conda-linux-gnu/14.3.0/../../../../x86_64-conda-linux-gnu/bin/ld: /home/luqo/miniforge3/envs/ros_env/lib/libnav_msgs__rosidl_generator_py.so: undefined reference to `PyObject_GetBuffer'
[27.749s] /home/luqo/miniforge3/envs/ros_env/bin/../lib/gcc/x86_64-conda-linux-gnu/14.3.0/../../../../x86_64-conda-linux-gnu/bin/ld: /home/luqo/miniforge3/envs/ros_env/lib/libnav_msgs__rosidl_generator_py.so: undefined reference to `PyLong_AsSize_t'
[27.750s] /home/luqo/miniforge3/envs/ros_env/bin/../lib/gcc/x86_64-conda-linux-gnu/14.3.0/../../../../x86_64-conda-linux-gnu/bin/ld: /home/luqo/miniforge3/envs/ros_env/lib/librcl_interfaces__rosidl_generator_py.so: undefined reference to `PyLong_FromUnsignedLongLong'
[27.752s] /home/luqo/miniforge3/envs/ros_env/bin/../lib/gcc/x86_64-conda-linux-gnu/14.3.0/../../../../x86_64-conda-linux-gnu/bin/ld: /home/luqo/miniforge3/envs/ros_env/lib/libnav_msgs__rosidl_generator_py.so: undefined reference to `PyList_SetItem'
[27.753s] /home/luqo/miniforge3/envs/ros_env/bin/../lib/gcc/x86_64-conda-linux-gnu/14.3.0/../../../../x86_64-conda-linux-gnu/bin/ld: /home/luqo/miniforge3/envs/ros_env/lib/librcl_interfaces__rosidl_generator_py.so: undefined reference to `PyLong_AsUnsignedLongLong'
[27.754s] /home/luqo/miniforge3/envs/ros_env/bin/../lib/gcc/x86_64-conda-linux-gnu/14.3.0/../../../../x86_64-conda-linux-gnu/bin/ld: /home/luqo/miniforge3/envs/ros_env/lib/libnav_msgs__rosidl_generator_py.so: undefined reference to `PyBuffer_Release'
[27.756s] /home/luqo/miniforge3/envs/ros_env/bin/../lib/gcc/x86_64-conda-linux-gnu/14.3.0/../../../../x86_64-conda-linux-gnu/bin/ld: /home/luqo/miniforge3/envs/ros_env/lib/libnav_msgs__rosidl_generator_py.so: undefined reference to `PyLong_AsUnsignedLong'
[27.757s] /home/luqo/miniforge3/envs/ros_env/bin/../lib/gcc/x86_64-conda-linux-gnu/14.3.0/../../../../x86_64-conda-linux-gnu/bin/ld: /home/luqo/miniforge3/envs/ros_env/lib/libnav_msgs__rosidl_generator_py.so: undefined reference to `PySequence_Size'
[27.759s] /home/luqo/miniforge3/envs/ros_env/bin/../lib/gcc/x86_64-conda-linux-gnu/14.3.0/../../../../x86_64-conda-linux-gnu/bin/ld: /home/luqo/miniforge3/envs/ros_env/lib/libnav_msgs__rosidl_generator_py.so: undefined reference to `PyFloat_FromDouble'
[27.764s] /home/luqo/miniforge3/envs/ros_env/bin/../lib/gcc/x86_64-conda-linux-gnu/14.3.0/../../../../x86_64-conda-linux-gnu/bin/ld: /home/luqo/miniforge3/envs/ros_env/lib/libnav_msgs__rosidl_generator_py.so: undefined reference to `PyBool_FromLong'
[27.764s] /home/luqo/miniforge3/envs/ros_env/bin/../lib/gcc/x86_64-conda-linux-gnu/14.3.0/../../../../x86_64-conda-linux-gnu/bin/ld: /home/luqo/miniforge3/envs/ros_env/lib/libnav_msgs__rosidl_generator_py.so: undefined reference to `PyLong_AsLong'
[27.764s] /home/luqo/miniforge3/envs/ros_env/bin/../lib/gcc/x86_64-conda-linux-gnu/14.3.0/../../../../x86_64-conda-linux-gnu/bin/ld: /home/luqo/miniforge3/envs/ros_env/lib/libnav_msgs__rosidl_generator_py.so: undefined reference to `_Py_TrueStruct'
[27.765s] /home/luqo/miniforge3/envs/ros_env/bin/../lib/gcc/x86_64-conda-linux-gnu/14.3.0/../../../../x86_64-conda-linux-gnu/bin/ld: /home/luqo/miniforge3/envs/ros_env/lib/libnav_msgs__rosidl_generator_py.so: undefined reference to `PyObject_Size'
[27.765s] /home/luqo/miniforge3/envs/ros_env/bin/../lib/gcc/x86_64-conda-linux-gnu/14.3.0/../../../../x86_64-conda-linux-gnu/bin/ld: /home/luqo/miniforge3/envs/ros_env/lib/librcl_interfaces__rosidl_generator_py.so: undefined reference to `PyLong_AsLongLong'
[27.765s] /home/luqo/miniforge3/envs/ros_env/bin/../lib/gcc/x86_64-conda-linux-gnu/14.3.0/../../../../x86_64-conda-linux-gnu/bin/ld: /home/luqo/miniforge3/envs/ros_env/lib/librcl_interfaces__rosidl_generator_py.so: undefined reference to `PyLong_FromLongLong'
[27.770s] /home/luqo/miniforge3/envs/ros_env/bin/../lib/gcc/x86_64-conda-linux-gnu/14.3.0/../../../../x86_64-conda-linux-gnu/bin/ld: /home/luqo/miniforge3/envs/ros_env/lib/libnav_msgs__rosidl_generator_py.so: undefined reference to `PyObject_GetAttrString'
[27.770s] /home/luqo/miniforge3/envs/ros_env/bin/../lib/gcc/x86_64-conda-linux-gnu/14.3.0/../../../../x86_64-conda-linux-gnu/bin/ld: /home/luqo/miniforge3/envs/ros_env/lib/libnav_msgs__rosidl_generator_py.so: undefined reference to `PyList_New'
[27.771s] /home/luqo/miniforge3/envs/ros_env/bin/../lib/gcc/x86_64-conda-linux-gnu/14.3.0/../../../../x86_64-conda-linux-gnu/bin/ld: /home/luqo/miniforge3/envs/ros_env/lib/libnav_msgs__rosidl_generator_py.so: undefined reference to `PyBuffer_ToContiguous'
[27.771s] /home/luqo/miniforge3/envs/ros_env/bin/../lib/gcc/x86_64-conda-linux-gnu/14.3.0/../../../../x86_64-conda-linux-gnu/bin/ld: /home/luqo/miniforge3/envs/ros_env/lib/libnav_msgs__rosidl_generator_py.so: undefined reference to `PyObject_CallFunctionObjArgs'
[27.771s] /home/luqo/miniforge3/envs/ros_env/bin/../lib/gcc/x86_64-conda-linux-gnu/14.3.0/../../../../x86_64-conda-linux-gnu/bin/ld: /home/luqo/miniforge3/envs/ros_env/lib/libnav_msgs__rosidl_generator_py.so: undefined reference to `PyObject_CheckBuffer'
[27.773s] /home/luqo/miniforge3/envs/ros_env/bin/../lib/gcc/x86_64-conda-linux-gnu/14.3.0/../../../../x86_64-conda-linux-gnu/bin/ld: /home/luqo/miniforge3/envs/ros_env/lib/libnav_msgs__rosidl_generator_py.so: undefined reference to `PyLong_FromUnsignedLong'
[27.774s] /home/luqo/miniforge3/envs/ros_env/bin/../lib/gcc/x86_64-conda-linux-gnu/14.3.0/../../../../x86_64-conda-linux-gnu/bin/ld: /home/luqo/miniforge3/envs/ros_env/lib/libnav_msgs__rosidl_generator_py.so: undefined reference to `PySequence_Fast'
[27.775s] /home/luqo/miniforge3/envs/ros_env/bin/../lib/gcc/x86_64-conda-linux-gnu/14.3.0/../../../../x86_64-conda-linux-gnu/bin/ld: /home/luqo/miniforge3/envs/ros_env/lib/libnav_msgs__rosidl_generator_py.so: undefined reference to `PyBytes_FromStringAndSize'
[27.826s] collect2: error: ld returned 1 exit status
[27.831s] gmake[2]: *** [CMakeFiles/turtlebot3_custom_simulation.dir/build.make:215: turtlebot3_custom_simulation] Error 1
[27.831s] gmake[1]: *** [CMakeFiles/Makefile2:137: CMakeFiles/turtlebot3_custom_simulation.dir/all] Error 2
[27.832s] gmake: *** [Makefile:146: all] Error 2
[27.838s] Invoked command in '/home/luqo/Documents/Robotica/TPs/Robotica-TP6/build/turtlebot3_custom_simulation' returned '2': CMAKE_PREFIX_PATH=${CMAKE_PREFIX_PATH}:/home/luqo/miniforge3/envs/ros_env CONDA_PROMPT_MODIFIER=(base) /home/luqo/miniforge3/envs/ros_env/bin/cmake --build /home/luqo/Documents/Robotica/TPs/Robotica-TP6/build/turtlebot3_custom_simulation -- -j8 -l8
